Analysis & Synthesis report for Top_Module
Fri Dec 17 16:33:50 2021
Quartus II 64-Bit Version 13.0.1 Build 232 06/12/2013 Service Pack 1 SJ Web Edition


---------------------
; Table of Contents ;
---------------------
  1. Legal Notice
  2. Analysis & Synthesis Summary
  3. Analysis & Synthesis Settings
  4. Parallel Compilation
  5. Analysis & Synthesis Source Files Read
  6. Analysis & Synthesis Resource Usage Summary
  7. Analysis & Synthesis Resource Utilization by Entity
  8. Analysis & Synthesis RAM Summary
  9. Logic Cells Representing Combinational Loops
 10. Registers Removed During Synthesis
 11. Removed Registers Triggering Further Register Optimizations
 12. General Register Statistics
 13. Multiplexer Restructuring Statistics (Restructuring Performed)
 14. Source assignments for ID_Stage:idstage|RegisterFile:R1|altsyncram:register_rtl_0|altsyncram_o8i1:auto_generated
 15. Parameter Settings for Inferred Entity Instance: ID_Stage:idstage|RegisterFile:R1|altsyncram:register_rtl_0
 16. altsyncram Parameter Settings by Entity Instance
 17. Port Connectivity Checks: "Hazard_Detection_Unit:hazarddetector"
 18. Port Connectivity Checks: "SRAM_Controller:sramcontroller"
 19. Elapsed Time Per Partition
 20. Analysis & Synthesis Messages
 21. Analysis & Synthesis Suppressed Messages



----------------
; Legal Notice ;
----------------
Copyright (C) 1991-2013 Altera Corporation
Your use of Altera Corporation's design tools, logic functions 
and other software and tools, and its AMPP partner logic 
functions, and any output files from any of the foregoing 
(including device programming or simulation files), and any 
associated documentation or information are expressly subject 
to the terms and conditions of the Altera Program License 
Subscription Agreement, Altera MegaCore Function License 
Agreement, or other applicable license agreement, including, 
without limitation, that your use is for the sole purpose of 
programming logic devices manufactured by Altera and sold by 
Altera or its authorized distributors.  Please refer to the 
applicable agreement for further details.



+--------------------------------------------------------------------------------------+
; Analysis & Synthesis Summary                                                         ;
+------------------------------------+-------------------------------------------------+
; Analysis & Synthesis Status        ; Successful - Fri Dec 17 16:33:50 2021           ;
; Quartus II 64-Bit Version          ; 13.0.1 Build 232 06/12/2013 SP 1 SJ Web Edition ;
; Revision Name                      ; Top_Module                                      ;
; Top-level Entity Name              ; Top_Module                                      ;
; Family                             ; Cyclone II                                      ;
; Total logic elements               ; 30,094                                          ;
;     Total combinational functions  ; 13,243                                          ;
;     Dedicated logic registers      ; 17,191                                          ;
; Total registers                    ; 17191                                           ;
; Total pins                         ; 4                                               ;
; Total virtual pins                 ; 0                                               ;
; Total memory bits                  ; 480                                             ;
; Embedded Multiplier 9-bit elements ; 0                                               ;
; Total PLLs                         ; 0                                               ;
+------------------------------------+-------------------------------------------------+


+----------------------------------------------------------------------------------------------------------------------+
; Analysis & Synthesis Settings                                                                                        ;
+----------------------------------------------------------------------------+--------------------+--------------------+
; Option                                                                     ; Setting            ; Default Value      ;
+----------------------------------------------------------------------------+--------------------+--------------------+
; Device                                                                     ; EP2C35F672C6       ;                    ;
; Top-level entity name                                                      ; Top_Module         ; Top_Module         ;
; Family name                                                                ; Cyclone II         ; Cyclone IV GX      ;
; Use smart compilation                                                      ; Off                ; Off                ;
; Enable parallel Assembler and TimeQuest Timing Analyzer during compilation ; On                 ; On                 ;
; Enable compact report table                                                ; Off                ; Off                ;
; Restructure Multiplexers                                                   ; Auto               ; Auto               ;
; Create Debugging Nodes for IP Cores                                        ; Off                ; Off                ;
; Preserve fewer node names                                                  ; On                 ; On                 ;
; Disable OpenCore Plus hardware evaluation                                  ; Off                ; Off                ;
; Verilog Version                                                            ; Verilog_2001       ; Verilog_2001       ;
; VHDL Version                                                               ; VHDL_1993          ; VHDL_1993          ;
; State Machine Processing                                                   ; Auto               ; Auto               ;
; Safe State Machine                                                         ; Off                ; Off                ;
; Extract Verilog State Machines                                             ; On                 ; On                 ;
; Extract VHDL State Machines                                                ; On                 ; On                 ;
; Ignore Verilog initial constructs                                          ; Off                ; Off                ;
; Iteration limit for constant Verilog loops                                 ; 5000               ; 5000               ;
; Iteration limit for non-constant Verilog loops                             ; 250                ; 250                ;
; Add Pass-Through Logic to Inferred RAMs                                    ; On                 ; On                 ;
; Infer RAMs from Raw Logic                                                  ; On                 ; On                 ;
; Parallel Synthesis                                                         ; On                 ; On                 ;
; DSP Block Balancing                                                        ; Auto               ; Auto               ;
; NOT Gate Push-Back                                                         ; On                 ; On                 ;
; Power-Up Don't Care                                                        ; On                 ; On                 ;
; Remove Redundant Logic Cells                                               ; Off                ; Off                ;
; Remove Duplicate Registers                                                 ; On                 ; On                 ;
; Ignore CARRY Buffers                                                       ; Off                ; Off                ;
; Ignore CASCADE Buffers                                                     ; Off                ; Off                ;
; Ignore GLOBAL Buffers                                                      ; Off                ; Off                ;
; Ignore ROW GLOBAL Buffers                                                  ; Off                ; Off                ;
; Ignore LCELL Buffers                                                       ; Off                ; Off                ;
; Ignore SOFT Buffers                                                        ; On                 ; On                 ;
; Limit AHDL Integers to 32 Bits                                             ; Off                ; Off                ;
; Optimization Technique                                                     ; Balanced           ; Balanced           ;
; Carry Chain Length                                                         ; 70                 ; 70                 ;
; Auto Carry Chains                                                          ; On                 ; On                 ;
; Auto Open-Drain Pins                                                       ; On                 ; On                 ;
; Perform WYSIWYG Primitive Resynthesis                                      ; Off                ; Off                ;
; Auto ROM Replacement                                                       ; On                 ; On                 ;
; Auto RAM Replacement                                                       ; On                 ; On                 ;
; Auto Shift Register Replacement                                            ; Auto               ; Auto               ;
; Allow Shift Register Merging across Hierarchies                            ; Auto               ; Auto               ;
; Auto Clock Enable Replacement                                              ; On                 ; On                 ;
; Strict RAM Replacement                                                     ; Off                ; Off                ;
; Allow Synchronous Control Signals                                          ; On                 ; On                 ;
; Force Use of Synchronous Clear Signals                                     ; Off                ; Off                ;
; Auto RAM to Logic Cell Conversion                                          ; Off                ; Off                ;
; Auto Resource Sharing                                                      ; Off                ; Off                ;
; Allow Any RAM Size For Recognition                                         ; Off                ; Off                ;
; Allow Any ROM Size For Recognition                                         ; Off                ; Off                ;
; Allow Any Shift Register Size For Recognition                              ; Off                ; Off                ;
; Use LogicLock Constraints during Resource Balancing                        ; On                 ; On                 ;
; Ignore translate_off and synthesis_off directives                          ; Off                ; Off                ;
; Timing-Driven Synthesis                                                    ; Off                ; Off                ;
; Report Parameter Settings                                                  ; On                 ; On                 ;
; Report Source Assignments                                                  ; On                 ; On                 ;
; Report Connectivity Checks                                                 ; On                 ; On                 ;
; Ignore Maximum Fan-Out Assignments                                         ; Off                ; Off                ;
; Synchronization Register Chain Length                                      ; 2                  ; 2                  ;
; PowerPlay Power Optimization                                               ; Normal compilation ; Normal compilation ;
; HDL message level                                                          ; Level2             ; Level2             ;
; Suppress Register Optimization Related Messages                            ; Off                ; Off                ;
; Number of Removed Registers Reported in Synthesis Report                   ; 5000               ; 5000               ;
; Number of Swept Nodes Reported in Synthesis Report                         ; 5000               ; 5000               ;
; Number of Inverted Registers Reported in Synthesis Report                  ; 100                ; 100                ;
; Clock MUX Protection                                                       ; On                 ; On                 ;
; Auto Gated Clock Conversion                                                ; Off                ; Off                ;
; Block Design Naming                                                        ; Auto               ; Auto               ;
; SDC constraint protection                                                  ; Off                ; Off                ;
; Synthesis Effort                                                           ; Auto               ; Auto               ;
; Shift Register Replacement - Allow Asynchronous Clear Signal               ; On                 ; On                 ;
; Pre-Mapping Resynthesis Optimization                                       ; Off                ; Off                ;
; Analysis & Synthesis Message Level                                         ; Medium             ; Medium             ;
; Disable Register Merging Across Hierarchies                                ; Auto               ; Auto               ;
; Resource Aware Inference For Block RAM                                     ; On                 ; On                 ;
; Synthesis Seed                                                             ; 1                  ; 1                  ;
+----------------------------------------------------------------------------+--------------------+--------------------+


Parallel compilation was disabled, but you have multiple processors available. Enable parallel compilation to reduce compilation time.
+-------------------------------------+
; Parallel Compilation                ;
+----------------------------+--------+
; Processors                 ; Number ;
+----------------------------+--------+
; Number detected on machine ; 8      ;
; Maximum allowed            ; 1      ;
+----------------------------+--------+


+-----------------------------------------------------------------------------------------------------------------------------------------------------------------------------------------------------------------------------------------------+
; Analysis & Synthesis Source Files Read                                                                                                                                                                                                        ;
+--------------------------------------------------+-----------------+-------------------------------------------------------+--------------------------------------------------------------------------------------------------------+---------+
; File Name with User-Entered Path                 ; Used in Netlist ; File Type                                             ; File Name with Absolute Path                                                                           ; Library ;
+--------------------------------------------------+-----------------+-------------------------------------------------------+--------------------------------------------------------------------------------------------------------+---------+
; ../WB_Stage.v                                    ; yes             ; User Verilog HDL File                                 ; D:/UT_Courses/Semester9/DLD2 lab/Reports/SRAM/WB_Stage.v                                               ;         ;
; ../Val2_Generator.v                              ; yes             ; User Verilog HDL File                                 ; D:/UT_Courses/Semester9/DLD2 lab/Reports/SRAM/Val2_Generator.v                                         ;         ;
; ../Top_Module.v                                  ; yes             ; User Verilog HDL File                                 ; D:/UT_Courses/Semester9/DLD2 lab/Reports/SRAM/Top_Module.v                                             ;         ;
; ../Status_Register.v                             ; yes             ; User Verilog HDL File                                 ; D:/UT_Courses/Semester9/DLD2 lab/Reports/SRAM/Status_Register.v                                        ;         ;
; ../SRAM_Controller.v                             ; yes             ; User Verilog HDL File                                 ; D:/UT_Courses/Semester9/DLD2 lab/Reports/SRAM/SRAM_Controller.v                                        ;         ;
; ../SRAM.v                                        ; yes             ; User Verilog HDL File                                 ; D:/UT_Courses/Semester9/DLD2 lab/Reports/SRAM/SRAM.v                                                   ;         ;
; ../RegisterFile.v                                ; yes             ; User Verilog HDL File                                 ; D:/UT_Courses/Semester9/DLD2 lab/Reports/SRAM/RegisterFile.v                                           ;         ;
; ../MEM_Stage_Reg.v                               ; yes             ; User Verilog HDL File                                 ; D:/UT_Courses/Semester9/DLD2 lab/Reports/SRAM/MEM_Stage_Reg.v                                          ;         ;
; ../IF_Stage_Reg.v                                ; yes             ; User Verilog HDL File                                 ; D:/UT_Courses/Semester9/DLD2 lab/Reports/SRAM/IF_Stage_Reg.v                                           ;         ;
; ../IF_Stage.v                                    ; yes             ; User Verilog HDL File                                 ; D:/UT_Courses/Semester9/DLD2 lab/Reports/SRAM/IF_Stage.v                                               ;         ;
; ../ID_Stage_Reg.v                                ; yes             ; User Verilog HDL File                                 ; D:/UT_Courses/Semester9/DLD2 lab/Reports/SRAM/ID_Stage_Reg.v                                           ;         ;
; ../ID_Stage.v                                    ; yes             ; User Verilog HDL File                                 ; D:/UT_Courses/Semester9/DLD2 lab/Reports/SRAM/ID_Stage.v                                               ;         ;
; ../Hazard_Detection_Unit.v                       ; yes             ; User Verilog HDL File                                 ; D:/UT_Courses/Semester9/DLD2 lab/Reports/SRAM/Hazard_Detection_Unit.v                                  ;         ;
; ../Forwarding_Unit.v                             ; yes             ; User Verilog HDL File                                 ; D:/UT_Courses/Semester9/DLD2 lab/Reports/SRAM/Forwarding_Unit.v                                        ;         ;
; ../EXE_Stage_Reg.v                               ; yes             ; User Verilog HDL File                                 ; D:/UT_Courses/Semester9/DLD2 lab/Reports/SRAM/EXE_Stage_Reg.v                                          ;         ;
; ../EXE_Stage.v                                   ; yes             ; User Verilog HDL File                                 ; D:/UT_Courses/Semester9/DLD2 lab/Reports/SRAM/EXE_Stage.v                                              ;         ;
; ../controler.v                                   ; yes             ; User Verilog HDL File                                 ; D:/UT_Courses/Semester9/DLD2 lab/Reports/SRAM/controler.v                                              ;         ;
; ../Condition_Check.v                             ; yes             ; User Verilog HDL File                                 ; D:/UT_Courses/Semester9/DLD2 lab/Reports/SRAM/Condition_Check.v                                        ;         ;
; ../ALU.v                                         ; yes             ; User Verilog HDL File                                 ; D:/UT_Courses/Semester9/DLD2 lab/Reports/SRAM/ALU.v                                                    ;         ;
; altsyncram.tdf                                   ; yes             ; Megafunction                                          ; c:/altera/13.0sp1/quartus/libraries/megafunctions/altsyncram.tdf                                       ;         ;
; stratix_ram_block.inc                            ; yes             ; Megafunction                                          ; c:/altera/13.0sp1/quartus/libraries/megafunctions/stratix_ram_block.inc                                ;         ;
; lpm_mux.inc                                      ; yes             ; Megafunction                                          ; c:/altera/13.0sp1/quartus/libraries/megafunctions/lpm_mux.inc                                          ;         ;
; lpm_decode.inc                                   ; yes             ; Megafunction                                          ; c:/altera/13.0sp1/quartus/libraries/megafunctions/lpm_decode.inc                                       ;         ;
; aglobal130.inc                                   ; yes             ; Megafunction                                          ; c:/altera/13.0sp1/quartus/libraries/megafunctions/aglobal130.inc                                       ;         ;
; a_rdenreg.inc                                    ; yes             ; Megafunction                                          ; c:/altera/13.0sp1/quartus/libraries/megafunctions/a_rdenreg.inc                                        ;         ;
; altrom.inc                                       ; yes             ; Megafunction                                          ; c:/altera/13.0sp1/quartus/libraries/megafunctions/altrom.inc                                           ;         ;
; altram.inc                                       ; yes             ; Megafunction                                          ; c:/altera/13.0sp1/quartus/libraries/megafunctions/altram.inc                                           ;         ;
; altdpram.inc                                     ; yes             ; Megafunction                                          ; c:/altera/13.0sp1/quartus/libraries/megafunctions/altdpram.inc                                         ;         ;
; db/altsyncram_o8i1.tdf                           ; yes             ; Auto-Generated Megafunction                           ; D:/UT_Courses/Semester9/DLD2 lab/Reports/SRAM/Quartus/db/altsyncram_o8i1.tdf                           ;         ;
; db/Top_Module.ram0_RegisterFile_878b6b30.hdl.mif ; yes             ; Auto-Generated Auto-Found Memory Initialization File  ; D:/UT_Courses/Semester9/DLD2 lab/Reports/SRAM/Quartus/db/Top_Module.ram0_RegisterFile_878b6b30.hdl.mif ;         ;
+--------------------------------------------------+-----------------+-------------------------------------------------------+--------------------------------------------------------------------------------------------------------+---------+


+--------------------------------------------------------+
; Analysis & Synthesis Resource Usage Summary            ;
+---------------------------------------------+----------+
; Resource                                    ; Usage    ;
+---------------------------------------------+----------+
; Estimated Total logic elements              ; 30,094   ;
;                                             ;          ;
; Total combinational functions               ; 13243    ;
; Logic element usage by number of LUT inputs ;          ;
;     -- 4 input functions                    ; 12573    ;
;     -- 3 input functions                    ; 464      ;
;     -- <=2 input functions                  ; 206      ;
;                                             ;          ;
; Logic elements by mode                      ;          ;
;     -- normal mode                          ; 13105    ;
;     -- arithmetic mode                      ; 138      ;
;                                             ;          ;
; Total registers                             ; 17191    ;
;     -- Dedicated logic registers            ; 17191    ;
;     -- I/O registers                        ; 0        ;
;                                             ;          ;
; I/O pins                                    ; 4        ;
; Total memory bits                           ; 480      ;
; Embedded Multiplier 9-bit elements          ; 0        ;
; Maximum fan-out node                        ; SRAM_clk ;
; Maximum fan-out                             ; 16384    ;
; Total fan-out                               ; 104371   ;
; Average fan-out                             ; 3.43     ;
+---------------------------------------------+----------+


+----------------------------------------------------------------------------------------------------------------------------------------------------------------------------------------------------------------------------------------------------------------------------------+
; Analysis & Synthesis Resource Utilization by Entity                                                                                                                                                                                                                              ;
+----------------------------------------------+-------------------+---------------+-------------+--------------+---------+-----------+------+--------------+-------------------------------------------------------------------------------------------------------+--------------+
; Compilation Hierarchy Node                   ; LC Combinationals ; LC Registers  ; Memory Bits ; DSP Elements ; DSP 9x9 ; DSP 18x18 ; Pins ; Virtual Pins ; Full Hierarchy Name                                                                                   ; Library Name ;
+----------------------------------------------+-------------------+---------------+-------------+--------------+---------+-----------+------+--------------+-------------------------------------------------------------------------------------------------------+--------------+
; |Top_Module                                  ; 13243 (137)       ; 17191 (0)     ; 480         ; 0            ; 0       ; 0         ; 4    ; 0            ; |Top_Module                                                                                           ; work         ;
;    |EXE_Stage:exestage|                      ; 926 (1)           ; 0 (0)         ; 0           ; 0            ; 0       ; 0         ; 0    ; 0            ; |Top_Module|EXE_Stage:exestage                                                                        ; work         ;
;       |ALU:alu|                              ; 351 (351)         ; 0 (0)         ; 0           ; 0            ; 0       ; 0         ; 0    ; 0            ; |Top_Module|EXE_Stage:exestage|ALU:alu                                                                ; work         ;
;       |Val2_Generator:val2gen|               ; 574 (574)         ; 0 (0)         ; 0           ; 0            ; 0       ; 0         ; 0    ; 0            ; |Top_Module|EXE_Stage:exestage|Val2_Generator:val2gen                                                 ; work         ;
;    |EXE_Stage_Reg:exestagereg|               ; 0 (0)             ; 71 (71)       ; 0           ; 0            ; 0       ; 0         ; 0    ; 0            ; |Top_Module|EXE_Stage_Reg:exestagereg                                                                 ; work         ;
;    |Forwarding_Unit:forwardingunit|          ; 4 (4)             ; 0 (0)         ; 0           ; 0            ; 0       ; 0         ; 0    ; 0            ; |Top_Module|Forwarding_Unit:forwardingunit                                                            ; work         ;
;    |Hazard_Detection_Unit:hazarddetector|    ; 8 (8)             ; 0 (0)         ; 0           ; 0            ; 0       ; 0         ; 0    ; 0            ; |Top_Module|Hazard_Detection_Unit:hazarddetector                                                      ; work         ;
;    |ID_Stage:idstage|                        ; 409 (14)          ; 513 (0)       ; 480         ; 0            ; 0       ; 0         ; 0    ; 0            ; |Top_Module|ID_Stage:idstage                                                                          ; work         ;
;       |Condition_Check:C2|                   ; 8 (8)             ; 0 (0)         ; 0           ; 0            ; 0       ; 0         ; 0    ; 0            ; |Top_Module|ID_Stage:idstage|Condition_Check:C2                                                       ; work         ;
;       |RegisterFile:R1|                      ; 380 (380)         ; 513 (513)     ; 480         ; 0            ; 0       ; 0         ; 0    ; 0            ; |Top_Module|ID_Stage:idstage|RegisterFile:R1                                                          ; work         ;
;          |altsyncram:register_rtl_0|         ; 0 (0)             ; 0 (0)         ; 480         ; 0            ; 0       ; 0         ; 0    ; 0            ; |Top_Module|ID_Stage:idstage|RegisterFile:R1|altsyncram:register_rtl_0                                ; work         ;
;             |altsyncram_o8i1:auto_generated| ; 0 (0)             ; 0 (0)         ; 480         ; 0            ; 0       ; 0         ; 0    ; 0            ; |Top_Module|ID_Stage:idstage|RegisterFile:R1|altsyncram:register_rtl_0|altsyncram_o8i1:auto_generated ; work         ;
;       |controler:C1|                         ; 7 (7)             ; 0 (0)         ; 0           ; 0            ; 0       ; 0         ; 0    ; 0            ; |Top_Module|ID_Stage:idstage|controler:C1                                                             ; work         ;
;    |ID_Stage_Reg:idstagereg|                 ; 69 (69)           ; 103 (103)     ; 0           ; 0            ; 0       ; 0         ; 0    ; 0            ; |Top_Module|ID_Stage_Reg:idstagereg                                                                   ; work         ;
;    |IF_Stage:ifstage|                        ; 12 (12)           ; 6 (6)         ; 0           ; 0            ; 0       ; 0         ; 0    ; 0            ; |Top_Module|IF_Stage:ifstage                                                                          ; work         ;
;    |IF_Stage_Reg:ifstagereg|                 ; 120 (120)         ; 36 (36)       ; 0           ; 0            ; 0       ; 0         ; 0    ; 0            ; |Top_Module|IF_Stage_Reg:ifstagereg                                                                   ; work         ;
;    |MEM_Stage_Reg:memstagereg|               ; 0 (0)             ; 70 (70)       ; 0           ; 0            ; 0       ; 0         ; 0    ; 0            ; |Top_Module|MEM_Stage_Reg:memstagereg                                                                 ; work         ;
;    |SRAM:sram|                               ; 11456 (11456)     ; 16384 (16384) ; 0           ; 0            ; 0       ; 0         ; 0    ; 0            ; |Top_Module|SRAM:sram                                                                                 ; work         ;
;    |SRAM_Controller:sramcontroller|          ; 70 (70)           ; 4 (4)         ; 0           ; 0            ; 0       ; 0         ; 0    ; 0            ; |Top_Module|SRAM_Controller:sramcontroller                                                            ; work         ;
;    |Status_Register:statusregister|          ; 0 (0)             ; 4 (4)         ; 0           ; 0            ; 0       ; 0         ; 0    ; 0            ; |Top_Module|Status_Register:statusregister                                                            ; work         ;
;    |WB_Stage:wbstage|                        ; 32 (32)           ; 0 (0)         ; 0           ; 0            ; 0       ; 0         ; 0    ; 0            ; |Top_Module|WB_Stage:wbstage                                                                          ; work         ;
+----------------------------------------------+-------------------+---------------+-------------+--------------+---------+-----------+------+--------------+-------------------------------------------------------------------------------------------------------+--------------+
Note: For table entries with two numbers listed, the numbers in parentheses indicate the number of resources of the given type used by the specific entity alone. The numbers listed outside of parentheses indicate the total resources of the given type used by the specific entity and all of its sub-entities in the hierarchy.


+------------------------------------------------------------------------------------------------------------------------------------------------------------------------------------------------------------------------------------------------------+
; Analysis & Synthesis RAM Summary                                                                                                                                                                                                                     ;
+------------------------------------------------------------------------------------------------------+------+------------------+--------------+--------------+--------------+--------------+------+--------------------------------------------------+
; Name                                                                                                 ; Type ; Mode             ; Port A Depth ; Port A Width ; Port B Depth ; Port B Width ; Size ; MIF                                              ;
+------------------------------------------------------------------------------------------------------+------+------------------+--------------+--------------+--------------+--------------+------+--------------------------------------------------+
; ID_Stage:idstage|RegisterFile:R1|altsyncram:register_rtl_0|altsyncram_o8i1:auto_generated|ALTSYNCRAM ; AUTO ; Simple Dual Port ; 15           ; 32           ; 15           ; 32           ; 480  ; db/Top_Module.ram0_RegisterFile_878b6b30.hdl.mif ;
+------------------------------------------------------------------------------------------------------+------+------------------+--------------+--------------+--------------+--------------+------+--------------------------------------------------+


+------------------------------------------------------------+
; Logic Cells Representing Combinational Loops               ;
+--------------------------------------------------------+---+
; Logic Cell Name                                        ;   ;
+--------------------------------------------------------+---+
; ID_Stage:idstage|mux_sel~0                             ;   ;
; Number of logic cells representing combinational loops ; 1 ;
+--------------------------------------------------------+---+
Note: All cells listed above may not be present at the end of synthesis due to various synthesis optimizations.


+-------------------------------------------------------------------------------------------------------+
; Registers Removed During Synthesis                                                                    ;
+-----------------------------------------------+-------------------------------------------------------+
; Register name                                 ; Reason for Removal                                    ;
+-----------------------------------------------+-------------------------------------------------------+
; ID_Stage_Reg:idstagereg|Signed_imm_24[19]     ; Merged with ID_Stage_Reg:idstagereg|src1[3]           ;
; ID_Stage_Reg:idstagereg|Signed_imm_24[18]     ; Merged with ID_Stage_Reg:idstagereg|src1[2]           ;
; ID_Stage_Reg:idstagereg|Signed_imm_24[16]     ; Merged with ID_Stage_Reg:idstagereg|src1[0]           ;
; ID_Stage_Reg:idstagereg|Signed_imm_24[11]     ; Merged with ID_Stage_Reg:idstagereg|Shift_operand[11] ;
; ID_Stage_Reg:idstagereg|Signed_imm_24[10]     ; Merged with ID_Stage_Reg:idstagereg|Shift_operand[10] ;
; ID_Stage_Reg:idstagereg|Signed_imm_24[9]      ; Merged with ID_Stage_Reg:idstagereg|Shift_operand[9]  ;
; ID_Stage_Reg:idstagereg|Signed_imm_24[8]      ; Merged with ID_Stage_Reg:idstagereg|Shift_operand[8]  ;
; ID_Stage_Reg:idstagereg|Signed_imm_24[7]      ; Merged with ID_Stage_Reg:idstagereg|Shift_operand[7]  ;
; ID_Stage_Reg:idstagereg|Signed_imm_24[6]      ; Merged with ID_Stage_Reg:idstagereg|Shift_operand[6]  ;
; ID_Stage_Reg:idstagereg|Signed_imm_24[5]      ; Merged with ID_Stage_Reg:idstagereg|Shift_operand[5]  ;
; ID_Stage_Reg:idstagereg|Signed_imm_24[4]      ; Merged with ID_Stage_Reg:idstagereg|Shift_operand[4]  ;
; ID_Stage_Reg:idstagereg|Signed_imm_24[3]      ; Merged with ID_Stage_Reg:idstagereg|Shift_operand[3]  ;
; ID_Stage_Reg:idstagereg|Signed_imm_24[2]      ; Merged with ID_Stage_Reg:idstagereg|Shift_operand[2]  ;
; ID_Stage_Reg:idstagereg|Signed_imm_24[1]      ; Merged with ID_Stage_Reg:idstagereg|Shift_operand[1]  ;
; ID_Stage_Reg:idstagereg|Signed_imm_24[0]      ; Merged with ID_Stage_Reg:idstagereg|Shift_operand[0]  ;
; ID_Stage_Reg:idstagereg|Dest[3]               ; Merged with ID_Stage_Reg:idstagereg|Signed_imm_24[15] ;
; ID_Stage_Reg:idstagereg|Dest[2]               ; Merged with ID_Stage_Reg:idstagereg|Signed_imm_24[14] ;
; ID_Stage_Reg:idstagereg|Dest[1]               ; Merged with ID_Stage_Reg:idstagereg|Signed_imm_24[13] ;
; ID_Stage_Reg:idstagereg|Dest[0]               ; Merged with ID_Stage_Reg:idstagereg|Signed_imm_24[12] ;
; ID_Stage_Reg:idstagereg|src1[1]               ; Merged with ID_Stage_Reg:idstagereg|Signed_imm_24[17] ;
; ID_Stage_Reg:idstagereg|PC[1]                 ; Merged with ID_Stage_Reg:idstagereg|PC[0]             ;
; IF_Stage_Reg:ifstagereg|PC[1]                 ; Merged with IF_Stage_Reg:ifstagereg|PC[0]             ;
; IF_Stage:ifstage|PCreg[1]                     ; Merged with IF_Stage:ifstage|PCreg[0]                 ;
; IF_Stage_Reg:ifstagereg|PC[0]                 ; Stuck at GND due to stuck port data_in                ;
; ID_Stage_Reg:idstagereg|PC[0]                 ; Stuck at GND due to stuck port data_in                ;
; IF_Stage:ifstage|PCreg[0]                     ; Stuck at GND due to stuck port data_in                ;
; IF_Stage_Reg:ifstagereg|Instruction[9]        ; Merged with IF_Stage_Reg:ifstagereg|Instruction[11]   ;
; IF_Stage_Reg:ifstagereg|Instruction[5]        ; Merged with IF_Stage_Reg:ifstagereg|Instruction[7]    ;
; ID_Stage_Reg:idstagereg|Shift_operand[9]      ; Merged with ID_Stage_Reg:idstagereg|Shift_operand[11] ;
; ID_Stage_Reg:idstagereg|Shift_operand[5]      ; Merged with ID_Stage_Reg:idstagereg|Shift_operand[7]  ;
; ID_Stage_Reg:idstagereg|PC[8..17,19,22..31]   ; Lost fanout                                           ;
; ID_Stage_Reg:idstagereg|Signed_imm_24[20..23] ; Lost fanout                                           ;
; ID_Stage_Reg:idstagereg|PC[18,20,21]          ; Lost fanout                                           ;
; IF_Stage_Reg:ifstagereg|PC[8..31]             ; Lost fanout                                           ;
; Total Number of Removed Registers = 82        ;                                                       ;
+-----------------------------------------------+-------------------------------------------------------+


+-----------------------------------------------------------------------------------------------------------------------+
; Removed Registers Triggering Further Register Optimizations                                                           ;
+--------------------------------+---------------------------+----------------------------------------------------------+
; Register name                  ; Reason for Removal        ; Registers Removed due to This Register                   ;
+--------------------------------+---------------------------+----------------------------------------------------------+
; IF_Stage_Reg:ifstagereg|PC[0]  ; Stuck at GND              ; ID_Stage_Reg:idstagereg|PC[0], IF_Stage:ifstage|PCreg[0] ;
;                                ; due to stuck port data_in ;                                                          ;
; ID_Stage_Reg:idstagereg|PC[31] ; Lost Fanouts              ; IF_Stage_Reg:ifstagereg|PC[31]                           ;
; ID_Stage_Reg:idstagereg|PC[30] ; Lost Fanouts              ; IF_Stage_Reg:ifstagereg|PC[30]                           ;
; ID_Stage_Reg:idstagereg|PC[29] ; Lost Fanouts              ; IF_Stage_Reg:ifstagereg|PC[29]                           ;
; ID_Stage_Reg:idstagereg|PC[28] ; Lost Fanouts              ; IF_Stage_Reg:ifstagereg|PC[28]                           ;
; ID_Stage_Reg:idstagereg|PC[27] ; Lost Fanouts              ; IF_Stage_Reg:ifstagereg|PC[27]                           ;
; ID_Stage_Reg:idstagereg|PC[26] ; Lost Fanouts              ; IF_Stage_Reg:ifstagereg|PC[26]                           ;
; ID_Stage_Reg:idstagereg|PC[25] ; Lost Fanouts              ; IF_Stage_Reg:ifstagereg|PC[25]                           ;
; ID_Stage_Reg:idstagereg|PC[24] ; Lost Fanouts              ; IF_Stage_Reg:ifstagereg|PC[24]                           ;
; ID_Stage_Reg:idstagereg|PC[23] ; Lost Fanouts              ; IF_Stage_Reg:ifstagereg|PC[23]                           ;
; ID_Stage_Reg:idstagereg|PC[22] ; Lost Fanouts              ; IF_Stage_Reg:ifstagereg|PC[22]                           ;
; ID_Stage_Reg:idstagereg|PC[19] ; Lost Fanouts              ; IF_Stage_Reg:ifstagereg|PC[19]                           ;
; ID_Stage_Reg:idstagereg|PC[17] ; Lost Fanouts              ; IF_Stage_Reg:ifstagereg|PC[17]                           ;
; ID_Stage_Reg:idstagereg|PC[16] ; Lost Fanouts              ; IF_Stage_Reg:ifstagereg|PC[16]                           ;
; ID_Stage_Reg:idstagereg|PC[15] ; Lost Fanouts              ; IF_Stage_Reg:ifstagereg|PC[15]                           ;
; ID_Stage_Reg:idstagereg|PC[14] ; Lost Fanouts              ; IF_Stage_Reg:ifstagereg|PC[14]                           ;
; ID_Stage_Reg:idstagereg|PC[13] ; Lost Fanouts              ; IF_Stage_Reg:ifstagereg|PC[13]                           ;
; ID_Stage_Reg:idstagereg|PC[12] ; Lost Fanouts              ; IF_Stage_Reg:ifstagereg|PC[12]                           ;
; ID_Stage_Reg:idstagereg|PC[11] ; Lost Fanouts              ; IF_Stage_Reg:ifstagereg|PC[11]                           ;
; ID_Stage_Reg:idstagereg|PC[10] ; Lost Fanouts              ; IF_Stage_Reg:ifstagereg|PC[10]                           ;
; ID_Stage_Reg:idstagereg|PC[9]  ; Lost Fanouts              ; IF_Stage_Reg:ifstagereg|PC[9]                            ;
; ID_Stage_Reg:idstagereg|PC[8]  ; Lost Fanouts              ; IF_Stage_Reg:ifstagereg|PC[8]                            ;
; ID_Stage_Reg:idstagereg|PC[21] ; Lost Fanouts              ; IF_Stage_Reg:ifstagereg|PC[21]                           ;
; ID_Stage_Reg:idstagereg|PC[20] ; Lost Fanouts              ; IF_Stage_Reg:ifstagereg|PC[20]                           ;
; ID_Stage_Reg:idstagereg|PC[18] ; Lost Fanouts              ; IF_Stage_Reg:ifstagereg|PC[18]                           ;
+--------------------------------+---------------------------+----------------------------------------------------------+


+------------------------------------------------------+
; General Register Statistics                          ;
+----------------------------------------------+-------+
; Statistic                                    ; Value ;
+----------------------------------------------+-------+
; Total registers                              ; 17191 ;
; Number of registers using Synchronous Clear  ; 94    ;
; Number of registers using Synchronous Load   ; 6     ;
; Number of registers using Asynchronous Clear ; 291   ;
; Number of registers using Asynchronous Load  ; 0     ;
; Number of registers using Clock Enable       ; 17181 ;
; Number of registers using Preset             ; 0     ;
+----------------------------------------------+-------+


+------------------------------------------------------------------------------------------------------------------------------------------------------------------------------+
; Multiplexer Restructuring Statistics (Restructuring Performed)                                                                                                               ;
+--------------------+-----------+---------------+----------------------+------------------------+------------+----------------------------------------------------------------+
; Multiplexer Inputs ; Bus Width ; Baseline Area ; Area if Restructured ; Saving if Restructured ; Registered ; Example Multiplexer Output                                     ;
+--------------------+-----------+---------------+----------------------+------------------------+------------+----------------------------------------------------------------+
; 3:1                ; 94 bits   ; 188 LEs       ; 94 LEs               ; 94 LEs                 ; Yes        ; |Top_Module|ID_Stage_Reg:idstagereg|Shift_operand[6]           ;
; 3:1                ; 31 bits   ; 62 LEs        ; 31 LEs               ; 31 LEs                 ; Yes        ; |Top_Module|IF_Stage_Reg:ifstagereg|PC[26]                     ;
; 4:1                ; 32 bits   ; 64 LEs        ; 64 LEs               ; 0 LEs                  ; Yes        ; |Top_Module|ID_Stage_Reg:idstagereg|Val_Rn[10]                 ;
; 5:1                ; 3 bits    ; 9 LEs         ; 3 LEs                ; 6 LEs                  ; Yes        ; |Top_Module|ID_Stage_Reg:idstagereg|EXE_CMD[3]                 ;
; 16:1               ; 2 bits    ; 20 LEs        ; 6 LEs                ; 14 LEs                 ; Yes        ; |Top_Module|Status_Register:statusregister|Status[0]           ;
; 96:1               ; 8 bits    ; 512 LEs       ; 400 LEs              ; 112 LEs                ; Yes        ; |Top_Module|IF_Stage_Reg:ifstagereg|Instruction[2]             ;
; 96:1               ; 4 bits    ; 256 LEs       ; 208 LEs              ; 48 LEs                 ; Yes        ; |Top_Module|IF_Stage_Reg:ifstagereg|Instruction[23]            ;
; 96:1               ; 8 bits    ; 512 LEs       ; 384 LEs              ; 128 LEs                ; Yes        ; |Top_Module|IF_Stage_Reg:ifstagereg|Instruction[27]            ;
; 96:1               ; 8 bits    ; 512 LEs       ; 448 LEs              ; 64 LEs                 ; Yes        ; |Top_Module|IF_Stage_Reg:ifstagereg|Instruction[8]             ;
; 3:1                ; 32 bits   ; 64 LEs        ; 64 LEs               ; 0 LEs                  ; No         ; |Top_Module|MUX_2_out[8]                                       ;
; 3:1                ; 32 bits   ; 64 LEs        ; 64 LEs               ; 0 LEs                  ; No         ; |Top_Module|MUX_1_out[27]                                      ;
; 16:1               ; 30 bits   ; 300 LEs       ; 180 LEs              ; 120 LEs                ; No         ; |Top_Module|EXE_Stage:exestage|ALU:alu|Mux26                   ;
; 96:1               ; 4 bits    ; 256 LEs       ; 152 LEs              ; 104 LEs                ; No         ; |Top_Module|IF_Stage_Reg:ifstagereg|Instruction                ;
; 10:1               ; 8 bits    ; 48 LEs        ; 40 LEs               ; 8 LEs                  ; No         ; |Top_Module|EXE_Stage:exestage|Val2_Generator:val2gen|Val2[15] ;
; 10:1               ; 6 bits    ; 36 LEs        ; 24 LEs               ; 12 LEs                 ; No         ; |Top_Module|EXE_Stage:exestage|Val2_Generator:val2gen|Val2[4]  ;
; 11:1               ; 6 bits    ; 42 LEs        ; 36 LEs               ; 6 LEs                  ; No         ; |Top_Module|EXE_Stage:exestage|Val2_Generator:val2gen|Val2[21] ;
; 12:1               ; 4 bits    ; 32 LEs        ; 28 LEs               ; 4 LEs                  ; No         ; |Top_Module|EXE_Stage:exestage|Val2_Generator:val2gen|Val2[24] ;
; 13:1               ; 2 bits    ; 16 LEs        ; 16 LEs               ; 0 LEs                  ; No         ; |Top_Module|EXE_Stage:exestage|Val2_Generator:val2gen|Val2[28] ;
; 14:1               ; 2 bits    ; 18 LEs        ; 16 LEs               ; 2 LEs                  ; No         ; |Top_Module|EXE_Stage:exestage|Val2_Generator:val2gen|Val2[31] ;
+--------------------+-----------+---------------+----------------------+------------------------+------------+----------------------------------------------------------------+


+------------------------------------------------------------------------------------------------------------------+
; Source assignments for ID_Stage:idstage|RegisterFile:R1|altsyncram:register_rtl_0|altsyncram_o8i1:auto_generated ;
+---------------------------------+--------------------+------+----------------------------------------------------+
; Assignment                      ; Value              ; From ; To                                                 ;
+---------------------------------+--------------------+------+----------------------------------------------------+
; OPTIMIZE_POWER_DURING_SYNTHESIS ; NORMAL_COMPILATION ; -    ; -                                                  ;
+---------------------------------+--------------------+------+----------------------------------------------------+


+-------------------------------------------------------------------------------------------------------------+
; Parameter Settings for Inferred Entity Instance: ID_Stage:idstage|RegisterFile:R1|altsyncram:register_rtl_0 ;
+------------------------------------+--------------------------------------------------+---------------------+
; Parameter Name                     ; Value                                            ; Type                ;
+------------------------------------+--------------------------------------------------+---------------------+
; BYTE_SIZE_BLOCK                    ; 8                                                ; Untyped             ;
; AUTO_CARRY_CHAINS                  ; ON                                               ; AUTO_CARRY          ;
; IGNORE_CARRY_BUFFERS               ; OFF                                              ; IGNORE_CARRY        ;
; AUTO_CASCADE_CHAINS                ; ON                                               ; AUTO_CASCADE        ;
; IGNORE_CASCADE_BUFFERS             ; OFF                                              ; IGNORE_CASCADE      ;
; WIDTH_BYTEENA                      ; 1                                                ; Untyped             ;
; OPERATION_MODE                     ; DUAL_PORT                                        ; Untyped             ;
; WIDTH_A                            ; 32                                               ; Untyped             ;
; WIDTHAD_A                          ; 4                                                ; Untyped             ;
; NUMWORDS_A                         ; 15                                               ; Untyped             ;
; OUTDATA_REG_A                      ; UNREGISTERED                                     ; Untyped             ;
; ADDRESS_ACLR_A                     ; NONE                                             ; Untyped             ;
; OUTDATA_ACLR_A                     ; NONE                                             ; Untyped             ;
; WRCONTROL_ACLR_A                   ; NONE                                             ; Untyped             ;
; INDATA_ACLR_A                      ; NONE                                             ; Untyped             ;
; BYTEENA_ACLR_A                     ; NONE                                             ; Untyped             ;
; WIDTH_B                            ; 32                                               ; Untyped             ;
; WIDTHAD_B                          ; 4                                                ; Untyped             ;
; NUMWORDS_B                         ; 15                                               ; Untyped             ;
; INDATA_REG_B                       ; CLOCK1                                           ; Untyped             ;
; WRCONTROL_WRADDRESS_REG_B          ; CLOCK1                                           ; Untyped             ;
; RDCONTROL_REG_B                    ; CLOCK1                                           ; Untyped             ;
; ADDRESS_REG_B                      ; CLOCK1                                           ; Untyped             ;
; OUTDATA_REG_B                      ; UNREGISTERED                                     ; Untyped             ;
; BYTEENA_REG_B                      ; CLOCK1                                           ; Untyped             ;
; INDATA_ACLR_B                      ; NONE                                             ; Untyped             ;
; WRCONTROL_ACLR_B                   ; NONE                                             ; Untyped             ;
; ADDRESS_ACLR_B                     ; NONE                                             ; Untyped             ;
; OUTDATA_ACLR_B                     ; NONE                                             ; Untyped             ;
; RDCONTROL_ACLR_B                   ; NONE                                             ; Untyped             ;
; BYTEENA_ACLR_B                     ; NONE                                             ; Untyped             ;
; WIDTH_BYTEENA_A                    ; 1                                                ; Untyped             ;
; WIDTH_BYTEENA_B                    ; 1                                                ; Untyped             ;
; RAM_BLOCK_TYPE                     ; AUTO                                             ; Untyped             ;
; BYTE_SIZE                          ; 8                                                ; Untyped             ;
; READ_DURING_WRITE_MODE_MIXED_PORTS ; DONT_CARE                                        ; Untyped             ;
; READ_DURING_WRITE_MODE_PORT_A      ; NEW_DATA_NO_NBE_READ                             ; Untyped             ;
; READ_DURING_WRITE_MODE_PORT_B      ; NEW_DATA_NO_NBE_READ                             ; Untyped             ;
; INIT_FILE                          ; db/Top_Module.ram0_RegisterFile_878b6b30.hdl.mif ; Untyped             ;
; INIT_FILE_LAYOUT                   ; PORT_A                                           ; Untyped             ;
; MAXIMUM_DEPTH                      ; 0                                                ; Untyped             ;
; CLOCK_ENABLE_INPUT_A               ; NORMAL                                           ; Untyped             ;
; CLOCK_ENABLE_INPUT_B               ; NORMAL                                           ; Untyped             ;
; CLOCK_ENABLE_OUTPUT_A              ; NORMAL                                           ; Untyped             ;
; CLOCK_ENABLE_OUTPUT_B              ; NORMAL                                           ; Untyped             ;
; CLOCK_ENABLE_CORE_A                ; USE_INPUT_CLKEN                                  ; Untyped             ;
; CLOCK_ENABLE_CORE_B                ; USE_INPUT_CLKEN                                  ; Untyped             ;
; ENABLE_ECC                         ; FALSE                                            ; Untyped             ;
; ECC_PIPELINE_STAGE_ENABLED         ; FALSE                                            ; Untyped             ;
; WIDTH_ECCSTATUS                    ; 3                                                ; Untyped             ;
; DEVICE_FAMILY                      ; Cyclone II                                       ; Untyped             ;
; CBXI_PARAMETER                     ; altsyncram_o8i1                                  ; Untyped             ;
+------------------------------------+--------------------------------------------------+---------------------+
Note: In order to hide this table in the UI and the text report file, please set the "Show Parameter Settings in Synthesis Report" option in "Analysis and Synthesis Settings -> More Settings" to "Off".


+--------------------------------------------------------------------------------------------------------+
; altsyncram Parameter Settings by Entity Instance                                                       ;
+-------------------------------------------+------------------------------------------------------------+
; Name                                      ; Value                                                      ;
+-------------------------------------------+------------------------------------------------------------+
; Number of entity instances                ; 1                                                          ;
; Entity Instance                           ; ID_Stage:idstage|RegisterFile:R1|altsyncram:register_rtl_0 ;
;     -- OPERATION_MODE                     ; DUAL_PORT                                                  ;
;     -- WIDTH_A                            ; 32                                                         ;
;     -- NUMWORDS_A                         ; 15                                                         ;
;     -- OUTDATA_REG_A                      ; UNREGISTERED                                               ;
;     -- WIDTH_B                            ; 32                                                         ;
;     -- NUMWORDS_B                         ; 15                                                         ;
;     -- ADDRESS_REG_B                      ; CLOCK1                                                     ;
;     -- OUTDATA_REG_B                      ; UNREGISTERED                                               ;
;     -- RAM_BLOCK_TYPE                     ; AUTO                                                       ;
;     -- READ_DURING_WRITE_MODE_MIXED_PORTS ; DONT_CARE                                                  ;
+-------------------------------------------+------------------------------------------------------------+


+------------------------------------------------------------------+
; Port Connectivity Checks: "Hazard_Detection_Unit:hazarddetector" ;
+----------------+-------+----------+------------------------------+
; Port           ; Type  ; Severity ; Details                      ;
+----------------+-------+----------+------------------------------+
; withForwarding ; Input ; Info     ; Stuck at VCC                 ;
+----------------+-------+----------+------------------------------+


+------------------------------------------------------------------------------------------------------------------------------------------+
; Port Connectivity Checks: "SRAM_Controller:sramcontroller"                                                                               ;
+-----------+--------+----------+----------------------------------------------------------------------------------------------------------+
; Port      ; Type   ; Severity ; Details                                                                                                  ;
+-----------+--------+----------+----------------------------------------------------------------------------------------------------------+
; SRAM_UB_N ; Output ; Warning  ; Declared by entity but not connected by instance. Logic that only feeds a dangling port will be removed. ;
; SRAM_LB_N ; Output ; Warning  ; Declared by entity but not connected by instance. Logic that only feeds a dangling port will be removed. ;
; SRAM_CE_N ; Output ; Warning  ; Declared by entity but not connected by instance. Logic that only feeds a dangling port will be removed. ;
; SRAM_OE_N ; Output ; Warning  ; Declared by entity but not connected by instance. Logic that only feeds a dangling port will be removed. ;
+-----------+--------+----------+----------------------------------------------------------------------------------------------------------+


+-------------------------------+
; Elapsed Time Per Partition    ;
+----------------+--------------+
; Partition Name ; Elapsed Time ;
+----------------+--------------+
; Top            ; 00:00:38     ;
+----------------+--------------+


+-------------------------------+
; Analysis & Synthesis Messages ;
+-------------------------------+
Info: *******************************************************************
Info: Running Quartus II 64-Bit Analysis & Synthesis
    Info: Version 13.0.1 Build 232 06/12/2013 Service Pack 1 SJ Web Edition
    Info: Processing started: Fri Dec 17 16:33:04 2021
Info: Command: quartus_map --read_settings_files=on --write_settings_files=off Top_Module -c Top_Module
Warning (20028): Parallel compilation is not licensed and has been disabled
Info (12021): Found 1 design units, including 1 entities, in source file /ut_courses/semester9/dld2 lab/reports/sram/wb_stage.v
    Info (12023): Found entity 1: WB_Stage
Info (12021): Found 1 design units, including 1 entities, in source file /ut_courses/semester9/dld2 lab/reports/sram/val2_generator.v
    Info (12023): Found entity 1: Val2_Generator
Info (12021): Found 1 design units, including 1 entities, in source file /ut_courses/semester9/dld2 lab/reports/sram/top_module.v
    Info (12023): Found entity 1: Top_Module
Info (12021): Found 1 design units, including 1 entities, in source file /ut_courses/semester9/dld2 lab/reports/sram/status_register.v
    Info (12023): Found entity 1: Status_Register
Info (12021): Found 1 design units, including 1 entities, in source file /ut_courses/semester9/dld2 lab/reports/sram/sram_controller.v
    Info (12023): Found entity 1: SRAM_Controller
Info (12021): Found 1 design units, including 1 entities, in source file /ut_courses/semester9/dld2 lab/reports/sram/sram.v
    Info (12023): Found entity 1: SRAM
Info (12021): Found 1 design units, including 1 entities, in source file /ut_courses/semester9/dld2 lab/reports/sram/registerfile.v
    Info (12023): Found entity 1: RegisterFile
Info (12021): Found 1 design units, including 1 entities, in source file /ut_courses/semester9/dld2 lab/reports/sram/mem_stage_reg.v
    Info (12023): Found entity 1: MEM_Stage_Reg
Info (12021): Found 1 design units, including 1 entities, in source file /ut_courses/semester9/dld2 lab/reports/sram/lab1_tb.v
    Info (12023): Found entity 1: Lab1_TB
Info (12021): Found 1 design units, including 1 entities, in source file /ut_courses/semester9/dld2 lab/reports/sram/if_stage_reg.v
    Info (12023): Found entity 1: IF_Stage_Reg
Info (12021): Found 1 design units, including 1 entities, in source file /ut_courses/semester9/dld2 lab/reports/sram/if_stage.v
    Info (12023): Found entity 1: IF_Stage
Info (12021): Found 1 design units, including 1 entities, in source file /ut_courses/semester9/dld2 lab/reports/sram/id_stage_reg.v
    Info (12023): Found entity 1: ID_Stage_Reg
Info (12021): Found 1 design units, including 1 entities, in source file /ut_courses/semester9/dld2 lab/reports/sram/id_stage.v
    Info (12023): Found entity 1: ID_Stage
Info (12021): Found 1 design units, including 1 entities, in source file /ut_courses/semester9/dld2 lab/reports/sram/hazard_detection_unit.v
    Info (12023): Found entity 1: Hazard_Detection_Unit
Info (12021): Found 1 design units, including 1 entities, in source file /ut_courses/semester9/dld2 lab/reports/sram/forwarding_unit.v
    Info (12023): Found entity 1: Forwarding_Unit
Info (12021): Found 1 design units, including 1 entities, in source file /ut_courses/semester9/dld2 lab/reports/sram/exe_stage_reg.v
    Info (12023): Found entity 1: EXE_Stage_Reg
Info (12021): Found 1 design units, including 1 entities, in source file /ut_courses/semester9/dld2 lab/reports/sram/exe_stage.v
    Info (12023): Found entity 1: EXE_Stage
Info (12021): Found 1 design units, including 1 entities, in source file /ut_courses/semester9/dld2 lab/reports/sram/controler.v
    Info (12023): Found entity 1: controler
Info (12021): Found 1 design units, including 1 entities, in source file /ut_courses/semester9/dld2 lab/reports/sram/condition_check.v
    Info (12023): Found entity 1: Condition_Check
Info (12021): Found 1 design units, including 1 entities, in source file /ut_courses/semester9/dld2 lab/reports/sram/alu.v
    Info (12023): Found entity 1: ALU
Info (12127): Elaborating entity "Top_Module" for the top level hierarchy
Info (12128): Elaborating entity "IF_Stage" for hierarchy "IF_Stage:ifstage"
Info (12128): Elaborating entity "IF_Stage_Reg" for hierarchy "IF_Stage_Reg:ifstagereg"
Info (12128): Elaborating entity "ID_Stage" for hierarchy "ID_Stage:idstage"
Info (12128): Elaborating entity "RegisterFile" for hierarchy "ID_Stage:idstage|RegisterFile:R1"
Info (12128): Elaborating entity "controler" for hierarchy "ID_Stage:idstage|controler:C1"
Info (12128): Elaborating entity "Condition_Check" for hierarchy "ID_Stage:idstage|Condition_Check:C2"
Info (12128): Elaborating entity "ID_Stage_Reg" for hierarchy "ID_Stage_Reg:idstagereg"
Info (12128): Elaborating entity "EXE_Stage" for hierarchy "EXE_Stage:exestage"
Info (12128): Elaborating entity "ALU" for hierarchy "EXE_Stage:exestage|ALU:alu"
Info (12128): Elaborating entity "Val2_Generator" for hierarchy "EXE_Stage:exestage|Val2_Generator:val2gen"
Info (12128): Elaborating entity "EXE_Stage_Reg" for hierarchy "EXE_Stage_Reg:exestagereg"
Info (12128): Elaborating entity "SRAM_Controller" for hierarchy "SRAM_Controller:sramcontroller"
Warning (10036): Verilog HDL or VHDL warning at SRAM_Controller.v(41): object "cnt_en" assigned a value but never read
Warning (10230): Verilog HDL assignment warning at SRAM_Controller.v(54): truncated value with size 32 to match size of target (17)
Warning (10230): Verilog HDL assignment warning at SRAM_Controller.v(76): truncated value with size 32 to match size of target (1)
Warning (10230): Verilog HDL assignment warning at SRAM_Controller.v(77): truncated value with size 32 to match size of target (1)
Info (12128): Elaborating entity "SRAM" for hierarchy "SRAM:sram"
Info (12128): Elaborating entity "MEM_Stage_Reg" for hierarchy "MEM_Stage_Reg:memstagereg"
Info (12128): Elaborating entity "WB_Stage" for hierarchy "WB_Stage:wbstage"
Info (12128): Elaborating entity "Status_Register" for hierarchy "Status_Register:statusregister"
Info (12128): Elaborating entity "Hazard_Detection_Unit" for hierarchy "Hazard_Detection_Unit:hazarddetector"
Info (12128): Elaborating entity "Forwarding_Unit" for hierarchy "Forwarding_Unit:forwardingunit"
Warning (276027): Inferred dual-clock RAM node "ID_Stage:idstage|RegisterFile:R1|register_rtl_0" from synchronous design logic.  The read-during-write behavior of a dual-clock RAM is undefined and may not match the behavior of the original design.
Critical Warning (127005): Memory depth (16) in the design file differs from memory depth (15) in the Memory Initialization File "D:/UT_Courses/Semester9/DLD2 lab/Reports/SRAM/Quartus/db/Top_Module.ram0_RegisterFile_878b6b30.hdl.mif" -- setting initial value for remaining addresses to 0
Info (276014): Found 2 instances of uninferred RAM logic
    Info (276007): RAM logic "ID_Stage:idstage|RegisterFile:R1|register" is uninferred due to asynchronous read logic
    Info (276007): RAM logic "SRAM:sram|memory" is uninferred due to asynchronous read logic
Info (19000): Inferred 1 megafunctions from design logic
    Info (276029): Inferred altsyncram megafunction from the following design logic: "ID_Stage:idstage|RegisterFile:R1|register_rtl_0" 
        Info (286033): Parameter OPERATION_MODE set to DUAL_PORT
        Info (286033): Parameter WIDTH_A set to 32
        Info (286033): Parameter WIDTHAD_A set to 4
        Info (286033): Parameter NUMWORDS_A set to 15
        Info (286033): Parameter WIDTH_B set to 32
        Info (286033): Parameter WIDTHAD_B set to 4
        Info (286033): Parameter NUMWORDS_B set to 15
        Info (286033): Parameter ADDRESS_ACLR_A set to NONE
        Info (286033): Parameter OUTDATA_REG_B set to UNREGISTERED
        Info (286033): Parameter ADDRESS_ACLR_B set to NONE
        Info (286033): Parameter OUTDATA_ACLR_B set to NONE
        Info (286033): Parameter ADDRESS_REG_B set to CLOCK1
        Info (286033): Parameter INDATA_ACLR_A set to NONE
        Info (286033): Parameter WRCONTROL_ACLR_A set to NONE
        Info (286033): Parameter INIT_FILE set to db/Top_Module.ram0_RegisterFile_878b6b30.hdl.mif
Info (12130): Elaborated megafunction instantiation "ID_Stage:idstage|RegisterFile:R1|altsyncram:register_rtl_0"
Info (12133): Instantiated megafunction "ID_Stage:idstage|RegisterFile:R1|altsyncram:register_rtl_0" with the following parameter:
    Info (12134): Parameter "OPERATION_MODE" = "DUAL_PORT"
    Info (12134): Parameter "WIDTH_A" = "32"
    Info (12134): Parameter "WIDTHAD_A" = "4"
    Info (12134): Parameter "NUMWORDS_A" = "15"
    Info (12134): Parameter "WIDTH_B" = "32"
    Info (12134): Parameter "WIDTHAD_B" = "4"
    Info (12134): Parameter "NUMWORDS_B" = "15"
    Info (12134): Parameter "ADDRESS_ACLR_A" = "NONE"
    Info (12134): Parameter "OUTDATA_REG_B" = "UNREGISTERED"
    Info (12134): Parameter "ADDRESS_ACLR_B" = "NONE"
    Info (12134): Parameter "OUTDATA_ACLR_B" = "NONE"
    Info (12134): Parameter "ADDRESS_REG_B" = "CLOCK1"
    Info (12134): Parameter "INDATA_ACLR_A" = "NONE"
    Info (12134): Parameter "WRCONTROL_ACLR_A" = "NONE"
    Info (12134): Parameter "INIT_FILE" = "db/Top_Module.ram0_RegisterFile_878b6b30.hdl.mif"
Info (12021): Found 1 design units, including 1 entities, in source file db/altsyncram_o8i1.tdf
    Info (12023): Found entity 1: altsyncram_o8i1
Warning (12241): 1 hierarchies have connectivity warnings - see the Connectivity Checks report folder
Warning (13046): Tri-state node(s) do not directly drive top-level pin(s)
    Warning (13047): Converted the fan-out from the tri-state buffer "SRAM_Controller:sramcontroller|readData[31]" to the node "MEM_Stage_Reg:memstagereg|MEM_result[31]" into an OR gate
    Warning (13047): Converted the fan-out from the tri-state buffer "SRAM_Controller:sramcontroller|readData[15]" to the node "MEM_Stage_Reg:memstagereg|MEM_result[15]" into an OR gate
    Warning (13047): Converted the fan-out from the tri-state buffer "SRAM_Controller:sramcontroller|readData[16]" to the node "MEM_Stage_Reg:memstagereg|MEM_result[16]" into an OR gate
    Warning (13047): Converted the fan-out from the tri-state buffer "SRAM_Controller:sramcontroller|readData[17]" to the node "MEM_Stage_Reg:memstagereg|MEM_result[17]" into an OR gate
    Warning (13047): Converted the fan-out from the tri-state buffer "SRAM_Controller:sramcontroller|readData[18]" to the node "MEM_Stage_Reg:memstagereg|MEM_result[18]" into an OR gate
    Warning (13047): Converted the fan-out from the tri-state buffer "SRAM_Controller:sramcontroller|readData[19]" to the node "MEM_Stage_Reg:memstagereg|MEM_result[19]" into an OR gate
    Warning (13047): Converted the fan-out from the tri-state buffer "SRAM_Controller:sramcontroller|readData[20]" to the node "MEM_Stage_Reg:memstagereg|MEM_result[20]" into an OR gate
    Warning (13047): Converted the fan-out from the tri-state buffer "SRAM_Controller:sramcontroller|readData[21]" to the node "MEM_Stage_Reg:memstagereg|MEM_result[21]" into an OR gate
    Warning (13047): Converted the fan-out from the tri-state buffer "SRAM_Controller:sramcontroller|readData[22]" to the node "MEM_Stage_Reg:memstagereg|MEM_result[22]" into an OR gate
    Warning (13047): Converted the fan-out from the tri-state buffer "SRAM_Controller:sramcontroller|readData[23]" to the node "MEM_Stage_Reg:memstagereg|MEM_result[23]" into an OR gate
    Warning (13047): Converted the fan-out from the tri-state buffer "SRAM_Controller:sramcontroller|readData[24]" to the node "MEM_Stage_Reg:memstagereg|MEM_result[24]" into an OR gate
    Warning (13047): Converted the fan-out from the tri-state buffer "SRAM_Controller:sramcontroller|readData[25]" to the node "MEM_Stage_Reg:memstagereg|MEM_result[25]" into an OR gate
    Warning (13047): Converted the fan-out from the tri-state buffer "SRAM_Controller:sramcontroller|readData[26]" to the node "MEM_Stage_Reg:memstagereg|MEM_result[26]" into an OR gate
    Warning (13047): Converted the fan-out from the tri-state buffer "SRAM_Controller:sramcontroller|readData[27]" to the node "MEM_Stage_Reg:memstagereg|MEM_result[27]" into an OR gate
    Warning (13047): Converted the fan-out from the tri-state buffer "SRAM_Controller:sramcontroller|readData[28]" to the node "MEM_Stage_Reg:memstagereg|MEM_result[28]" into an OR gate
    Warning (13047): Converted the fan-out from the tri-state buffer "SRAM_Controller:sramcontroller|readData[29]" to the node "MEM_Stage_Reg:memstagereg|MEM_result[29]" into an OR gate
    Warning (13047): Converted the fan-out from the tri-state buffer "SRAM_Controller:sramcontroller|readData[30]" to the node "MEM_Stage_Reg:memstagereg|MEM_result[30]" into an OR gate
    Warning (13047): Converted the fan-out from the tri-state buffer "SRAM_Controller:sramcontroller|readData[14]" to the node "MEM_Stage_Reg:memstagereg|MEM_result[14]" into an OR gate
    Warning (13047): Converted the fan-out from the tri-state buffer "SRAM_Controller:sramcontroller|readData[13]" to the node "MEM_Stage_Reg:memstagereg|MEM_result[13]" into an OR gate
    Warning (13047): Converted the fan-out from the tri-state buffer "SRAM_Controller:sramcontroller|readData[12]" to the node "MEM_Stage_Reg:memstagereg|MEM_result[12]" into an OR gate
    Warning (13047): Converted the fan-out from the tri-state buffer "SRAM_Controller:sramcontroller|readData[11]" to the node "MEM_Stage_Reg:memstagereg|MEM_result[11]" into an OR gate
    Warning (13047): Converted the fan-out from the tri-state buffer "SRAM_Controller:sramcontroller|readData[10]" to the node "MEM_Stage_Reg:memstagereg|MEM_result[10]" into an OR gate
    Warning (13047): Converted the fan-out from the tri-state buffer "SRAM_Controller:sramcontroller|readData[9]" to the node "MEM_Stage_Reg:memstagereg|MEM_result[9]" into an OR gate
    Warning (13047): Converted the fan-out from the tri-state buffer "SRAM_Controller:sramcontroller|readData[8]" to the node "MEM_Stage_Reg:memstagereg|MEM_result[8]" into an OR gate
    Warning (13047): Converted the fan-out from the tri-state buffer "SRAM_Controller:sramcontroller|readData[7]" to the node "MEM_Stage_Reg:memstagereg|MEM_result[7]" into an OR gate
    Warning (13047): Converted the fan-out from the tri-state buffer "SRAM_Controller:sramcontroller|readData[6]" to the node "MEM_Stage_Reg:memstagereg|MEM_result[6]" into an OR gate
    Warning (13047): Converted the fan-out from the tri-state buffer "SRAM_Controller:sramcontroller|readData[5]" to the node "MEM_Stage_Reg:memstagereg|MEM_result[5]" into an OR gate
    Warning (13047): Converted the fan-out from the tri-state buffer "SRAM_Controller:sramcontroller|readData[4]" to the node "MEM_Stage_Reg:memstagereg|MEM_result[4]" into an OR gate
    Warning (13047): Converted the fan-out from the tri-state buffer "SRAM_Controller:sramcontroller|readData[3]" to the node "MEM_Stage_Reg:memstagereg|MEM_result[3]" into an OR gate
    Warning (13047): Converted the fan-out from the tri-state buffer "SRAM_Controller:sramcontroller|readData[2]" to the node "MEM_Stage_Reg:memstagereg|MEM_result[2]" into an OR gate
    Warning (13047): Converted the fan-out from the tri-state buffer "SRAM_Controller:sramcontroller|readData[1]" to the node "MEM_Stage_Reg:memstagereg|MEM_result[1]" into an OR gate
    Warning (13047): Converted the fan-out from the tri-state buffer "SRAM_Controller:sramcontroller|readData[0]" to the node "MEM_Stage_Reg:memstagereg|MEM_result[0]" into an OR gate
Warning (13046): Tri-state node(s) do not directly drive top-level pin(s)
    Warning (13047): Converted the fan-out from the tri-state buffer "SRAM_Controller:sramcontroller|SRAM_DQ[31]" to the node "SRAM:sram|memory" into an OR gate
    Warning (13047): Converted the fan-out from the tri-state buffer "SRAM_Controller:sramcontroller|SRAM_DQ[15]" to the node "SRAM:sram|memory" into an OR gate
    Warning (13047): Converted the fan-out from the tri-state buffer "SRAM_Controller:sramcontroller|SRAM_DQ[16]" to the node "SRAM:sram|memory" into an OR gate
    Warning (13047): Converted the fan-out from the tri-state buffer "SRAM_Controller:sramcontroller|SRAM_DQ[17]" to the node "SRAM:sram|memory" into an OR gate
    Warning (13047): Converted the fan-out from the tri-state buffer "SRAM_Controller:sramcontroller|SRAM_DQ[18]" to the node "SRAM:sram|memory" into an OR gate
    Warning (13047): Converted the fan-out from the tri-state buffer "SRAM_Controller:sramcontroller|SRAM_DQ[19]" to the node "SRAM:sram|memory" into an OR gate
    Warning (13047): Converted the fan-out from the tri-state buffer "SRAM_Controller:sramcontroller|SRAM_DQ[20]" to the node "SRAM:sram|memory" into an OR gate
    Warning (13047): Converted the fan-out from the tri-state buffer "SRAM_Controller:sramcontroller|SRAM_DQ[21]" to the node "SRAM:sram|memory" into an OR gate
    Warning (13047): Converted the fan-out from the tri-state buffer "SRAM_Controller:sramcontroller|SRAM_DQ[22]" to the node "SRAM:sram|memory" into an OR gate
    Warning (13047): Converted the fan-out from the tri-state buffer "SRAM_Controller:sramcontroller|SRAM_DQ[23]" to the node "SRAM:sram|memory" into an OR gate
    Warning (13047): Converted the fan-out from the tri-state buffer "SRAM_Controller:sramcontroller|SRAM_DQ[24]" to the node "SRAM:sram|memory" into an OR gate
    Warning (13047): Converted the fan-out from the tri-state buffer "SRAM_Controller:sramcontroller|SRAM_DQ[25]" to the node "SRAM:sram|memory" into an OR gate
    Warning (13047): Converted the fan-out from the tri-state buffer "SRAM_Controller:sramcontroller|SRAM_DQ[26]" to the node "SRAM:sram|memory" into an OR gate
    Warning (13047): Converted the fan-out from the tri-state buffer "SRAM_Controller:sramcontroller|SRAM_DQ[27]" to the node "SRAM:sram|memory" into an OR gate
    Warning (13047): Converted the fan-out from the tri-state buffer "SRAM_Controller:sramcontroller|SRAM_DQ[28]" to the node "SRAM:sram|memory" into an OR gate
    Warning (13047): Converted the fan-out from the tri-state buffer "SRAM_Controller:sramcontroller|SRAM_DQ[29]" to the node "SRAM:sram|memory" into an OR gate
    Warning (13047): Converted the fan-out from the tri-state buffer "SRAM_Controller:sramcontroller|SRAM_DQ[30]" to the node "SRAM:sram|memory" into an OR gate
    Warning (13047): Converted the fan-out from the tri-state buffer "SRAM_Controller:sramcontroller|SRAM_DQ[14]" to the node "SRAM:sram|memory" into an OR gate
    Warning (13047): Converted the fan-out from the tri-state buffer "SRAM_Controller:sramcontroller|SRAM_DQ[13]" to the node "SRAM:sram|memory" into an OR gate
    Warning (13047): Converted the fan-out from the tri-state buffer "SRAM_Controller:sramcontroller|SRAM_DQ[12]" to the node "SRAM:sram|memory" into an OR gate
    Warning (13047): Converted the fan-out from the tri-state buffer "SRAM_Controller:sramcontroller|SRAM_DQ[11]" to the node "SRAM:sram|memory" into an OR gate
    Warning (13047): Converted the fan-out from the tri-state buffer "SRAM_Controller:sramcontroller|SRAM_DQ[10]" to the node "SRAM:sram|memory" into an OR gate
    Warning (13047): Converted the fan-out from the tri-state buffer "SRAM_Controller:sramcontroller|SRAM_DQ[9]" to the node "SRAM:sram|memory" into an OR gate
    Warning (13047): Converted the fan-out from the tri-state buffer "SRAM_Controller:sramcontroller|SRAM_DQ[8]" to the node "SRAM:sram|memory" into an OR gate
    Warning (13047): Converted the fan-out from the tri-state buffer "SRAM_Controller:sramcontroller|SRAM_DQ[7]" to the node "SRAM:sram|memory" into an OR gate
    Warning (13047): Converted the fan-out from the tri-state buffer "SRAM_Controller:sramcontroller|SRAM_DQ[6]" to the node "SRAM:sram|memory" into an OR gate
    Warning (13047): Converted the fan-out from the tri-state buffer "SRAM_Controller:sramcontroller|SRAM_DQ[5]" to the node "SRAM:sram|memory" into an OR gate
    Warning (13047): Converted the fan-out from the tri-state buffer "SRAM_Controller:sramcontroller|SRAM_DQ[4]" to the node "SRAM:sram|memory" into an OR gate
    Warning (13047): Converted the fan-out from the tri-state buffer "SRAM_Controller:sramcontroller|SRAM_DQ[3]" to the node "SRAM:sram|memory" into an OR gate
    Warning (13047): Converted the fan-out from the tri-state buffer "SRAM_Controller:sramcontroller|SRAM_DQ[2]" to the node "SRAM:sram|memory" into an OR gate
    Warning (13047): Converted the fan-out from the tri-state buffer "SRAM_Controller:sramcontroller|SRAM_DQ[1]" to the node "SRAM:sram|memory" into an OR gate
    Warning (13047): Converted the fan-out from the tri-state buffer "SRAM_Controller:sramcontroller|SRAM_DQ[0]" to the node "SRAM:sram|memory" into an OR gate
Info (17049): 52 registers lost all their fanouts during netlist optimizations.
Info (144001): Generated suppressed messages file D:/UT_Courses/Semester9/DLD2 lab/Reports/SRAM/Quartus/output_files/Top_Module.map.smsg
Info (16010): Generating hard_block partition "hard_block:auto_generated_inst"
    Info (16011): Adding 0 node(s), including 0 DDIO, 0 PLL, 0 transceiver and 0 LCELL
Info (21057): Implemented 30255 device resources after synthesis - the final resource count might be different
    Info (21058): Implemented 3 input pins
    Info (21059): Implemented 1 output pins
    Info (21061): Implemented 30219 logic cells
    Info (21064): Implemented 32 RAM segments
Info: Quartus II 64-Bit Analysis & Synthesis was successful. 0 errors, 74 warnings
    Info: Peak virtual memory: 4690 megabytes
    Info: Processing ended: Fri Dec 17 16:33:50 2021
    Info: Elapsed time: 00:00:46
    Info: Total CPU time (on all processors): 00:00:45


+------------------------------------------+
; Analysis & Synthesis Suppressed Messages ;
+------------------------------------------+
The suppressed messages can be found in D:/UT_Courses/Semester9/DLD2 lab/Reports/SRAM/Quartus/output_files/Top_Module.map.smsg.


